<!DOCTYPE html PUBLIC "-//W3C//DTD XHTML 1.1//EN" "http://www.w3.org/TR/xhtml11/DTD/xhtml11.dtd">
<html xmlns="http://www.w3.org/1999/xhtml">
<head>
<meta http-equiv="content-type" content="text/html; charset=UTF-8"/>
<title>TestNG Report</title>
<style type="text/css">table {margin-bottom:10px;border-collapse:collapse;empty-cells:show}th,td {border:1px solid #009;padding:.25em .5em}th {vertical-align:bottom}td {vertical-align:top}table a {font-weight:bold}.stripe td {background-color: #E6EBF9}.num {text-align:right}.passedodd td {background-color: #3F3}.passedeven td {background-color: #0A0}.skippedodd td {background-color: #DDD}.skippedeven td {background-color: #CCC}.failedodd td,.attn {background-color: #F33}.failedeven td,.stripe .attn {background-color: #D00}.stacktrace {white-space:pre;font-family:monospace}.totop {font-size:85%;text-align:center;border-bottom:2px solid #000}.invisible {display:none}</style>
</head>
<body>
<table>
<tr><th>Test</th><th># Passed</th><th># Skipped</th><th># Failed</th><th>Time (ms)</th><th>Included Groups</th><th>Excluded Groups</th></tr>
<tr><th colspan="7">Suite</th></tr>
<tr><td><a href="#t0">Test</a></td><td class="num">3</td><td class="num">0</td><td class="num attn">1</td><td class="num">68,133</td><td></td><td></td></tr>
<tr class="stripe"><td><a href="#t1">Test123</a></td><td class="num">0</td><td class="num attn">4</td><td class="num">0</td><td class="num">359</td><td></td><td></td></tr>
<tr><th>Total</th><th class="num">3</th><th class="num attn">4</th><th class="num attn">1</th><th class="num">68,492</th><th colspan="2"></th></tr>
</table>
<table id='summary'><thead><tr><th>Class</th><th>Method</th><th>Start</th><th>Time (ms)</th></tr></thead><tbody><tr><th colspan="4">Suite</th></tr></tbody><tbody id="t0"><tr><th colspan="4">Test &#8212; failed</th></tr><tr class="failedeven"><td rowspan="1">test.ActiTime123</td><td><a href="#m0">task</a></td><td rowspan="1">1647017580952</td><td rowspan="1">33995</td></tr><tr><th colspan="4">Test &#8212; passed</th></tr><tr class="passedeven"><td rowspan="3">test.ActiTime123</td><td><a href="#m1">applicationHeaderpage</a></td><td rowspan="1">1647017563861</td><td rowspan="1">14182</td></tr><tr class="passedeven"><td><a href="#m2">report</a></td><td rowspan="1">1647017617824</td><td rowspan="1">3339</td></tr><tr class="passedeven"><td><a href="#m3">user</a></td><td rowspan="1">1647017615273</td><td rowspan="1">2200</td></tr></tbody>
<tbody id="t1"><tr><th colspan="4">Test123 &#8212; failed (configuration methods)</th></tr><tr class="failedeven"><td rowspan="1">test.ActiTime123</td><td><a href="#m4">beforeClass</a></td><td rowspan="1">1647017622768</td><td rowspan="1">19</td></tr><tr><th colspan="4">Test123 &#8212; skipped (configuration methods)</th></tr><tr class="skippedeven"><td rowspan="9">test.ActiTime123</td><td><a href="#m5">beforeMethod</a></td><td rowspan="4">1647017623019</td><td rowspan="4">0</td></tr><tr class="skippedeven"><td><a href="#m6">beforeMethod</a></td></tr><tr class="skippedeven"><td><a href="#m7">beforeMethod</a></td></tr><tr class="skippedeven"><td><a href="#m8">beforeMethod</a></td></tr><tr class="skippedeven"><td><a href="#m9">closeBrowser</a></td><td rowspan="1">1647017623100</td><td rowspan="1">0</td></tr><tr class="skippedeven"><td><a href="#m10">utilityclassmethod</a></td><td rowspan="4">1647017623040</td><td rowspan="4">0</td></tr><tr class="skippedeven"><td><a href="#m11">utilityclassmethod</a></td></tr><tr class="skippedeven"><td><a href="#m12">utilityclassmethod</a></td></tr><tr class="skippedeven"><td><a href="#m13">utilityclassmethod</a></td></tr><tr><th colspan="4">Test123 &#8212; skipped</th></tr><tr class="skippedeven"><td rowspan="4">test.ActiTime123</td><td><a href="#m14">applicationHeaderpage</a></td><td rowspan="1">1647017623026</td><td rowspan="1">0</td></tr><tr class="skippedeven"><td><a href="#m15">report</a></td><td rowspan="1">1647017623089</td><td rowspan="1">0</td></tr><tr class="skippedeven"><td><a href="#m16">task</a></td><td rowspan="1">1647017623037</td><td rowspan="1">0</td></tr><tr class="skippedeven"><td><a href="#m17">user</a></td><td rowspan="1">1647017623051</td><td rowspan="1">0</td></tr></tbody>
</table>
<h2>Test</h2><h3 id="m0">test.ActiTime123#task</h3><table class="result"><tr><th>Exception</th></tr><tr><td><div class="stacktrace">org.openqa.selenium.NoSuchElementException: no such element: Unable to locate element: {&quot;method&quot;:&quot;xpath&quot;,&quot;selector&quot;:&quot;(//span[@class=&apos;deadline&apos;])[2]&quot;}
  (Session info: chrome=99.0.4844.51)
For documentation on this error, please visit: https://www.seleniumhq.org/exceptions/no_such_element.html
Build info: version: &apos;3.141.59&apos;, revision: &apos;e82be7d358&apos;, time: &apos;2018-11-14T08:17:03&apos;
System info: host: &apos;KISHOR&apos;, ip: &apos;192.168.56.137&apos;, os.name: &apos;Windows 10&apos;, os.arch: &apos;amd64&apos;, os.version: &apos;10.0&apos;, java.version: &apos;17&apos;
Driver info: org.openqa.selenium.chrome.ChromeDriver
Capabilities {acceptInsecureCerts: false, browserName: chrome, browserVersion: 99.0.4844.51, chrome: {chromedriverVersion: 99.0.4844.17 (395f87df02eed..., userDataDir: C:\Users\pc\AppData\Local\T...}, goog:chromeOptions: {debuggerAddress: localhost:61647}, javascriptEnabled: true, networkConnectionEnabled: false, pageLoadStrategy: normal, platform: WINDOWS, platformName: WINDOWS, proxy: Proxy(), setWindowRect: true, strictFileInteractability: false, timeouts: {implicit: 0, pageLoad: 300000, script: 30000}, unhandledPromptBehavior: dismiss and notify, webauthn:extension:credBlob: true, webauthn:extension:largeBlob: true, webauthn:virtualAuthenticators: true}
Session ID: 75a87c66d1de3626febd646d2677a618
*** Element info: {Using=xpath, value=(//span[@class=&apos;deadline&apos;])[2]}
	at org.openqa.selenium.remote.http.W3CHttpResponseCodec.createException(W3CHttpResponseCodec.java:187)
	at org.openqa.selenium.remote.http.W3CHttpResponseCodec.decode(W3CHttpResponseCodec.java:122)
	at org.openqa.selenium.remote.http.W3CHttpResponseCodec.decode(W3CHttpResponseCodec.java:49)
	at org.openqa.selenium.remote.HttpCommandExecutor.execute(HttpCommandExecutor.java:158)
	at org.openqa.selenium.remote.service.DriverCommandExecutor.execute(DriverCommandExecutor.java:83)
	at org.openqa.selenium.remote.RemoteWebDriver.execute(RemoteWebDriver.java:552)
	at org.openqa.selenium.remote.RemoteWebDriver.findElement(RemoteWebDriver.java:323)
	at org.openqa.selenium.remote.RemoteWebDriver.findElementByXPath(RemoteWebDriver.java:428)
	at org.openqa.selenium.By$ByXPath.findElement(By.java:353)
	at org.openqa.selenium.remote.RemoteWebDriver.findElement(RemoteWebDriver.java:315)
	at org.openqa.selenium.support.pagefactory.DefaultElementLocator.findElement(DefaultElementLocator.java:69)
	at org.openqa.selenium.support.pagefactory.internal.LocatingElementHandler.invoke(LocatingElementHandler.java:38)
	at jdk.proxy2/jdk.proxy2.$Proxy16.click(Unknown Source)
	at pom.TaskClass.maintask(TaskClass.java:104)
	at test.ActiTime123.task(ActiTime123.java:78)
... Removed 30 stack frames</div></td></tr></table><p class="totop"><a href="#summary">back to summary</a></p>
<h3 id="m1">test.ActiTime123#applicationHeaderpage</h3><table class="result"><tr><th class="invisible"/></tr></table><p class="totop"><a href="#summary">back to summary</a></p>
<h3 id="m2">test.ActiTime123#report</h3><table class="result"><tr><th class="invisible"/></tr></table><p class="totop"><a href="#summary">back to summary</a></p>
<h3 id="m3">test.ActiTime123#user</h3><table class="result"><tr><th class="invisible"/></tr></table><p class="totop"><a href="#summary">back to summary</a></p>
<h2>Test123</h2><h3 id="m4">test.ActiTime123#beforeClass</h3><table class="result"><tr><th>Exception</th></tr><tr><td><div class="stacktrace">java.lang.NullPointerException: Cannot invoke &quot;org.openqa.selenium.WebDriver.manage()&quot; because &quot;this.driver&quot; is null
	at pom.LoginPage.mainlogin(LoginPage.java:31)
	at test.ActiTime123.beforeClass(ActiTime123.java:64)
... Removed 26 stack frames</div></td></tr></table><p class="totop"><a href="#summary">back to summary</a></p>
<h3 id="m5">test.ActiTime123#beforeMethod</h3><table class="result"><tr><th class="invisible"/></tr></table><p class="totop"><a href="#summary">back to summary</a></p>
<h3 id="m6">test.ActiTime123#beforeMethod</h3><table class="result"><tr><th class="invisible"/></tr></table><p class="totop"><a href="#summary">back to summary</a></p>
<h3 id="m7">test.ActiTime123#beforeMethod</h3><table class="result"><tr><th class="invisible"/></tr></table><p class="totop"><a href="#summary">back to summary</a></p>
<h3 id="m8">test.ActiTime123#beforeMethod</h3><table class="result"><tr><th class="invisible"/></tr></table><p class="totop"><a href="#summary">back to summary</a></p>
<h3 id="m9">test.ActiTime123#closeBrowser</h3><table class="result"><tr><th class="invisible"/></tr></table><p class="totop"><a href="#summary">back to summary</a></p>
<h3 id="m10">test.ActiTime123#utilityclassmethod</h3><table class="result"><tr><th class="invisible"/></tr></table><p class="totop"><a href="#summary">back to summary</a></p>
<h3 id="m11">test.ActiTime123#utilityclassmethod</h3><table class="result"><tr><th class="invisible"/></tr></table><p class="totop"><a href="#summary">back to summary</a></p>
<h3 id="m12">test.ActiTime123#utilityclassmethod</h3><table class="result"><tr><th class="invisible"/></tr></table><p class="totop"><a href="#summary">back to summary</a></p>
<h3 id="m13">test.ActiTime123#utilityclassmethod</h3><table class="result"><tr><th class="invisible"/></tr></table><p class="totop"><a href="#summary">back to summary</a></p>
<h3 id="m14">test.ActiTime123#applicationHeaderpage</h3><table class="result"><tr><th>Exception</th></tr><tr><td><div class="stacktrace">java.lang.NullPointerException: Cannot invoke &quot;org.openqa.selenium.WebDriver.manage()&quot; because &quot;this.driver&quot; is null
	at pom.LoginPage.mainlogin(LoginPage.java:31)
	at test.ActiTime123.beforeClass(ActiTime123.java:64)
... Removed 26 stack frames</div></td></tr></table><p class="totop"><a href="#summary">back to summary</a></p>
<h3 id="m15">test.ActiTime123#report</h3><table class="result"><tr><th>Exception</th></tr><tr><td><div class="stacktrace">java.lang.NullPointerException: Cannot invoke &quot;org.openqa.selenium.WebDriver.manage()&quot; because &quot;this.driver&quot; is null
	at pom.LoginPage.mainlogin(LoginPage.java:31)
	at test.ActiTime123.beforeClass(ActiTime123.java:64)
... Removed 26 stack frames</div></td></tr></table><p class="totop"><a href="#summary">back to summary</a></p>
<h3 id="m16">test.ActiTime123#task</h3><table class="result"><tr><th>Exception</th></tr><tr><td><div class="stacktrace">java.lang.NullPointerException: Cannot invoke &quot;org.openqa.selenium.WebDriver.manage()&quot; because &quot;this.driver&quot; is null
	at pom.LoginPage.mainlogin(LoginPage.java:31)
	at test.ActiTime123.beforeClass(ActiTime123.java:64)
... Removed 26 stack frames</div></td></tr></table><p class="totop"><a href="#summary">back to summary</a></p>
<h3 id="m17">test.ActiTime123#user</h3><table class="result"><tr><th>Exception</th></tr><tr><td><div class="stacktrace">java.lang.NullPointerException: Cannot invoke &quot;org.openqa.selenium.WebDriver.manage()&quot; because &quot;this.driver&quot; is null
	at pom.LoginPage.mainlogin(LoginPage.java:31)
	at test.ActiTime123.beforeClass(ActiTime123.java:64)
... Removed 26 stack frames</div></td></tr></table><p class="totop"><a href="#summary">back to summary</a></p>
</body>
</html>
